<?xml version="1.0" encoding="UTF-8"?>
<!-- Generated by org.testng.reporters.JUnitReportReporter -->
<testsuite skipped="0" hostname="MBF-0049.local" name="com.Mbf.Nurvv.main.test.LoginValidationIos" tests="1" failures="0" timestamp="03 Dec 2018 15:59:20 GMT" time="40.641" errors="0">
  <testcase name="shouldReturnSuccessWhenLoginCredIsProvided" time="40.641" classname="com.Mbf.Nurvv.main.test.LoginValidationIos"/>
</testsuite> <!-- com.Mbf.Nurvv.main.test.LoginValidationIos -->
